d:\vsproj\gga\debug\gga.pch
d:\vsproj\gga\debug\vc140.pdb
d:\vsproj\gga\debug\vc140.idb
d:\vsproj\gga\debug\stdafx.obj
d:\vsproj\gga\debug\gga.obj
d:\vsproj\gga\debug\fft.obj
d:\vsproj\gga\debug\grid.obj
d:\vsproj\gga\debug\func.obj
d:\vsproj\gga\debug\gga.ilk
d:\vsproj\gga\debug\gga.exe
d:\vsproj\gga\debug\gga.pdb
d:\vsproj\gga\debug\gga.res
d:\vsproj\gga\debug\gga.tlog\cl.command.1.tlog
d:\vsproj\gga\debug\gga.tlog\cl.read.1.tlog
d:\vsproj\gga\debug\gga.tlog\cl.write.1.tlog
d:\vsproj\gga\debug\gga.tlog\link.command.1.tlog
d:\vsproj\gga\debug\gga.tlog\link.read.1.tlog
d:\vsproj\gga\debug\gga.tlog\link.write.1.tlog
d:\vsproj\gga\debug\gga.tlog\rc.command.1.tlog
d:\vsproj\gga\debug\gga.tlog\rc.read.1.tlog
d:\vsproj\gga\debug\gga.tlog\rc.write.1.tlog
